2020/10/13 15:49:13 starting ssh server on port 2222...
2020/10/15 14:33:37 starting ssh server on port 2222...
2020/10/15 14:39:26 starting ssh server on port 2222...
2020/10/15 14:39:44 POST request from 127.0.0.1:60468. /
2020/10/15 14:39:44 Username: test
2020/10/15 14:39:44 Password: test
2020/10/15 14:39:50 CLIENT OPENED CONNECTION 1: [::1]:23 <-> [::1]:51830
2020/10/15 14:39:50 Sending MOTD to client
2020/10/15 14:39:55 user : testw
 
2020/10/15 14:39:55 pass : read
2020/10/15 14:39:56 CMD Sent by client: 
2020/10/15 14:39:58 CMD Sent by client: exit
2020/10/15 14:41:14 [::1]:51868
2020/10/15 14:41:14 SSH-2.0-OpenSSH_8.3p1 Debian-1
2020/10/15 14:41:18 [::1]:51868
2020/10/15 14:41:18 SSH-2.0-OpenSSH_8.3p1 Debian-1
2020/10/15 14:41:44 [::1]:51868
2020/10/15 14:41:44 SSH-2.0-OpenSSH_8.3p1 Debian-1
2020/10/15 15:07:52 starting ssh server on port 2222...
2020/11/02 13:53:13 starting ssh server on port 2222...
2020/11/02 16:56:07 starting ssh server on port 2222...
2020/11/02 16:56:33 starting ssh server on port 2222...
2020/11/02 16:56:39 CLIENT OPENED CONNECTION 1: [::1]:23 <-> [::1]:33972
2020/11/02 16:56:39 Sending MOTD to client
2020/11/02 16:56:46 user : ÿôÿý
 
2020/11/02 16:56:46 pass : 
2020/11/02 16:56:47 CMD Sent by client: 
2020/11/02 16:56:49 CMD Sent by client: exit
2020/11/06 10:20:29 starting ssh server on port 2222...
2020/11/06 11:05:13 starting ssh server on port 2222...
2020/11/06 11:21:59 starting ssh server on port 2222...
2020/11/06 11:22:06 CLIENT OPENED CONNECTION 1: [::1]:23 <-> [::1]:60596
2020/11/06 11:22:06 Sending MOTD to client
2020/11/06 11:22:10 user : test
 
2020/11/06 11:22:10 pass : test
2020/11/06 11:22:13 CMD Sent by client: 
2020/11/06 14:05:06 starting ssh server on port 2222...
2020/11/11 09:53:08 starting ssh server on port 2222...
2020/11/11 09:53:25 CLIENT OPENED CONNECTION 1: 127.0.0.1:23 <-> 127.0.0.1:38606
2020/11/11 09:53:25 Sending MOTD to client
2020/11/11 09:53:29 user : test
 
2020/11/11 09:53:29 pass : test
2020/11/11 09:53:32 CMD Sent by client: 
2020/11/11 10:33:02 starting ssh server on port 2222...
2020/11/11 10:33:23 CLIENT OPENED CONNECTION 1: 127.0.0.1:23 <-> 127.0.0.1:38950
2020/11/11 10:33:23 Sending MOTD to client
2020/11/11 10:33:30 user : riot
 
2020/11/11 10:33:30 pass : riot
2020/11/11 10:35:38 starting ssh server on port 2222...
2020/11/11 10:38:40 starting ssh server on port 2222...
2020/11/11 10:41:18 starting ssh server on port 2222...
2020/11/11 10:46:17 starting ssh server on port 2222...
2020/11/11 10:46:29 CLIENT OPENED CONNECTION 1: 127.0.0.1:23 <-> 127.0.0.1:38962
2020/11/11 10:46:29 Sending MOTD to client
2020/11/11 10:46:38 user : riot
 
2020/11/11 10:46:38 pass : riot
2020/11/11 10:47:36 starting ssh server on port 2222...
2020/11/11 10:49:35 starting ssh server on port 2222...
2020/11/11 10:52:35 starting ssh server on port 2222...
2020/11/11 11:10:25 starting ssh server on port 2222...
2020/11/11 11:11:41 starting ssh server on port 2222...
2020/11/11 11:14:17 starting ssh server on port 2222...
2020/11/11 11:15:03 starting ssh server on port 2222...
2020/11/11 11:16:57 starting ssh server on port 2222...
2020/11/11 11:21:36 starting ssh server on port 2222...
2020/11/11 11:21:40 CLIENT OPENED CONNECTION 1: 127.0.0.1:23 <-> 127.0.0.1:38988
2020/11/11 11:21:40 Sending MOTD to client
2020/11/11 11:21:44 user : test
 
2020/11/11 11:21:44 pass : test
2020/11/11 11:21:46 CMD Sent by client: 
2020/11/11 11:21:46 network Error : dial tcp: lookup vps-12e334c0 on 192.168.94.2:53: no such host
2020/11/11 11:23:54 starting ssh server on port 2222...
2020/11/11 11:23:54 network Error : dial tcp: lookup vps-12e334c0 on 192.168.94.2:53: no such host
2020/11/11 11:24:26 starting ssh server on port 2222...
2020/11/11 11:26:27 starting ssh server on port 2222...
2020/11/11 11:27:41 starting ssh server on port 2222...
2020/11/11 11:29:28 starting ssh server on port 2222...
2020/11/11 13:38:08 starting ssh server on port 2222...
2020/11/11 13:40:15 starting ssh server on port 2222...
2020/11/11 13:40:26 CLIENT OPENED CONNECTION 1: 127.0.0.1:23 <-> 127.0.0.1:57806
2020/11/11 13:40:26 Sending MOTD to client
2020/11/11 13:40:30 user : test
 
2020/11/11 13:40:30 pass : tset
2020/11/11 13:40:31 CMD Sent by client: 
2020/11/11 14:52:13 starting ssh server on port 2222...
2020/11/11 14:57:45 starting ssh server on port 2222...
2020/11/11 14:58:20 127.0.0.1:50172
2020/11/11 14:58:20 SSH-2.0-OpenSSH_8.3p1 Debian-1
2020/11/11 14:58:23 127.0.0.1:50172
2020/11/11 14:58:23 SSH-2.0-OpenSSH_8.3p1 Debian-1
2020/11/11 14:59:55 starting ssh server on port 2222...
2020/11/11 15:05:18 starting ssh server on port 2222...
2020/11/11 15:12:30 starting ssh server on port 2222...
2020/11/11 15:12:37 GET request from 127.0.0.1:48336. /
2020/11/11 15:17:32 POST request from 127.0.0.1:48340. /
2020/11/11 15:17:32 Username: test
2020/11/11 15:17:32 Password: test
2020/11/11 15:18:51 starting ssh server on port 2222...
2020/11/11 15:18:58 POST request from 127.0.0.1:48342. /
2020/11/11 15:19:05 POST request from 127.0.0.1:48342. /
